c:\users\nouman\documents\visual studio 2013\projects\blood bank system\blood bank system\debug\bloodbanksystem.bloodbank.resources
c:\users\nouman\documents\visual studio 2013\projects\blood bank system\blood bank system\debug\bloodbanksystem.blood.resources
c:\users\nouman\documents\visual studio 2013\projects\blood bank system\blood bank system\debug\bloodbanksystem.bloodbankmanager.resources
c:\users\nouman\documents\visual studio 2013\projects\blood bank system\blood bank system\debug\bloodbanksystem.donation.resources
c:\users\nouman\documents\visual studio 2013\projects\blood bank system\blood bank system\debug\bloodbanksystem.employee.resources
c:\users\nouman\documents\visual studio 2013\projects\blood bank system\blood bank system\debug\bloodbanksystem.form1.resources
c:\users\nouman\documents\visual studio 2013\projects\blood bank system\blood bank system\debug\bloodbanksystem.hospital locations.resources
c:\users\nouman\documents\visual studio 2013\projects\blood bank system\blood bank system\debug\bloodbanksystem.hospital.resources
c:\users\nouman\documents\visual studio 2013\projects\blood bank system\blood bank system\debug\bloodbanksystem.menuoptions.resources
c:\users\nouman\documents\visual studio 2013\projects\blood bank system\blood bank system\debug\bloodbanksystem.orders.resources
c:\users\nouman\documents\visual studio 2013\projects\blood bank system\blood bank system\debug\bloodbanksystem.person.resources
c:\users\nouman\documents\visual studio 2013\projects\blood bank system\blood bank system\debug\bloodbanksystem.receptionist.resources
c:\users\nouman\documents\visual studio 2013\projects\blood bank system\blood bank system\debug\bloodbanksystem.welcome.resources
c:\users\nouman\documents\visual studio 2013\projects\blood bank system\blood bank system\debug\vc120.pdb
c:\users\nouman\documents\visual studio 2013\projects\blood bank system\blood bank system\debug\welcome.obj
c:\users\nouman\documents\visual studio 2013\projects\blood bank system\blood bank system\debug\receptionist.obj
c:\users\nouman\documents\visual studio 2013\projects\blood bank system\blood bank system\debug\person.obj
c:\users\nouman\documents\visual studio 2013\projects\blood bank system\blood bank system\debug\orders.obj
c:\users\nouman\documents\visual studio 2013\projects\blood bank system\blood bank system\debug\menuoptions.obj
c:\users\nouman\documents\visual studio 2013\projects\blood bank system\blood bank system\debug\hospital.obj
c:\users\nouman\documents\visual studio 2013\projects\blood bank system\blood bank system\debug\hospital locations.obj
c:\users\nouman\documents\visual studio 2013\projects\blood bank system\blood bank system\debug\form1.obj
c:\users\nouman\documents\visual studio 2013\projects\blood bank system\blood bank system\debug\employee.obj
c:\users\nouman\documents\visual studio 2013\projects\blood bank system\blood bank system\debug\donation.obj
c:\users\nouman\documents\visual studio 2013\projects\blood bank system\blood bank system\debug\bloodbankmanager.obj
c:\users\nouman\documents\visual studio 2013\projects\blood bank system\blood bank system\debug\blood.obj
c:\users\nouman\documents\visual studio 2013\projects\blood bank system\blood bank system\debug\blood bank.obj
c:\users\nouman\documents\visual studio 2013\projects\blood bank system\blood bank system\debug\.netframework,version=v4.5.assemblyattributes.obj
c:\users\nouman\documents\visual studio 2013\projects\blood bank system\blood bank system\debug\blood ba.cfdb0249.tlog\metagen.write.1.tlog
c:\users\nouman\documents\visual studio 2013\projects\blood bank system\blood bank system\debug\blood bank system.vcxproj.generateresource.cache
c:\users\nouman\documents\visual studio 2013\projects\blood bank system\blood bank system\debug\blood bank system.vcxprojresolveassemblyreference.cache
c:\users\nouman\documents\visual studio 2013\projects\blood bank system\debug\blood bank system.pdb
c:\users\nouman\documents\visual studio 2013\projects\blood bank system\debug\blood bank system.exe
c:\users\nouman\documents\visual studio 2013\projects\blood bank system\blood bank system\debug\blood ba.cfdb0249.tlog\blood bank system.write.1u.tlog
c:\users\nouman\documents\visual studio 2013\projects\blood bank system\blood bank system\debug\blood ba.cfdb0249.tlog\cl.command.1.tlog
c:\users\nouman\documents\visual studio 2013\projects\blood bank system\blood bank system\debug\blood ba.cfdb0249.tlog\cl.read.1.tlog
c:\users\nouman\documents\visual studio 2013\projects\blood bank system\blood bank system\debug\blood ba.cfdb0249.tlog\cl.write.1.tlog
c:\users\nouman\documents\visual studio 2013\projects\blood bank system\blood bank system\debug\blood ba.cfdb0249.tlog\link.command.1.tlog
c:\users\nouman\documents\visual studio 2013\projects\blood bank system\blood bank system\debug\blood ba.cfdb0249.tlog\link.read.1.tlog
c:\users\nouman\documents\visual studio 2013\projects\blood bank system\blood bank system\debug\blood ba.cfdb0249.tlog\link.write.1.tlog
c:\users\nouman\documents\visual studio 2013\projects\blood bank system\blood bank system\debug\blood ba.cfdb0249.tlog\metagen.read.1.tlog
c:\users\nouman\documents\visual studio 2013\projects\blood bank system\blood bank system\debug\blood ba.cfdb0249.tlog\mysql.data.dll.metagen
c:\users\nouman\documents\visual studio 2013\projects\blood bank system\blood bank system\debug\blood ba.cfdb0249.tlog\tzres.dll.bi
