c:\users\nouman\documents\visual studio 2013\projects\blood bank system\blood bank system\release\bloodbanksystem.bloodbank.resources
c:\users\nouman\documents\visual studio 2013\projects\blood bank system\blood bank system\release\bloodbanksystem.blood.resources
c:\users\nouman\documents\visual studio 2013\projects\blood bank system\blood bank system\release\bloodbanksystem.bloodbankmanager.resources
c:\users\nouman\documents\visual studio 2013\projects\blood bank system\blood bank system\release\bloodbanksystem.donation.resources
c:\users\nouman\documents\visual studio 2013\projects\blood bank system\blood bank system\release\bloodbanksystem.employee.resources
c:\users\nouman\documents\visual studio 2013\projects\blood bank system\blood bank system\release\bloodbanksystem.form1.resources
c:\users\nouman\documents\visual studio 2013\projects\blood bank system\blood bank system\release\bloodbanksystem.hospital locations.resources
c:\users\nouman\documents\visual studio 2013\projects\blood bank system\blood bank system\release\bloodbanksystem.hospital.resources
c:\users\nouman\documents\visual studio 2013\projects\blood bank system\blood bank system\release\bloodbanksystem.menuoptions.resources
c:\users\nouman\documents\visual studio 2013\projects\blood bank system\blood bank system\release\bloodbanksystem.orders.resources
c:\users\nouman\documents\visual studio 2013\projects\blood bank system\blood bank system\release\bloodbanksystem.person.resources
c:\users\nouman\documents\visual studio 2013\projects\blood bank system\blood bank system\release\bloodbanksystem.receptionist.resources
c:\users\nouman\documents\visual studio 2013\projects\blood bank system\blood bank system\release\bloodbanksystem.welcome.resources
c:\users\nouman\documents\visual studio 2013\projects\blood bank system\blood bank system\release\vc120.pdb
c:\users\nouman\documents\visual studio 2013\projects\blood bank system\blood bank system\release\welcome.obj
c:\users\nouman\documents\visual studio 2013\projects\blood bank system\blood bank system\release\receptionist.obj
c:\users\nouman\documents\visual studio 2013\projects\blood bank system\blood bank system\release\person.obj
c:\users\nouman\documents\visual studio 2013\projects\blood bank system\blood bank system\release\orders.obj
c:\users\nouman\documents\visual studio 2013\projects\blood bank system\blood bank system\release\menuoptions.obj
c:\users\nouman\documents\visual studio 2013\projects\blood bank system\blood bank system\release\hospital.obj
c:\users\nouman\documents\visual studio 2013\projects\blood bank system\blood bank system\release\hospital locations.obj
c:\users\nouman\documents\visual studio 2013\projects\blood bank system\blood bank system\release\form1.obj
c:\users\nouman\documents\visual studio 2013\projects\blood bank system\blood bank system\release\employee.obj
c:\users\nouman\documents\visual studio 2013\projects\blood bank system\blood bank system\release\donation.obj
c:\users\nouman\documents\visual studio 2013\projects\blood bank system\blood bank system\release\bloodbankmanager.obj
c:\users\nouman\documents\visual studio 2013\projects\blood bank system\blood bank system\release\blood.obj
c:\users\nouman\documents\visual studio 2013\projects\blood bank system\blood bank system\release\blood bank.obj
c:\users\nouman\documents\visual studio 2013\projects\blood bank system\blood bank system\release\.netframework,version=v4.5.assemblyattributes.obj
c:\users\nouman\documents\visual studio 2013\projects\blood bank system\release\blood bank system.exe
c:\users\nouman\documents\visual studio 2013\projects\blood bank system\release\blood bank system.pdb
c:\users\nouman\documents\visual studio 2013\projects\blood bank system\blood bank system\release\blood ba.cfdb0249.tlog\metagen.write.1.tlog
c:\users\nouman\documents\visual studio 2013\projects\blood bank system\blood bank system\release\blood bank system.vcxproj.generateresource.cache
c:\users\nouman\documents\visual studio 2013\projects\blood bank system\blood bank system\release\blood bank system.vcxprojresolveassemblyreference.cache
c:\users\nouman\documents\visual studio 2013\projects\blood bank system\blood bank system\release\blood ba.cfdb0249.tlog\blood bank system.write.1u.tlog
c:\users\nouman\documents\visual studio 2013\projects\blood bank system\blood bank system\release\blood ba.cfdb0249.tlog\cl.command.1.tlog
c:\users\nouman\documents\visual studio 2013\projects\blood bank system\blood bank system\release\blood ba.cfdb0249.tlog\cl.read.1.tlog
c:\users\nouman\documents\visual studio 2013\projects\blood bank system\blood bank system\release\blood ba.cfdb0249.tlog\cl.write.1.tlog
c:\users\nouman\documents\visual studio 2013\projects\blood bank system\blood bank system\release\blood ba.cfdb0249.tlog\link.command.1.tlog
c:\users\nouman\documents\visual studio 2013\projects\blood bank system\blood bank system\release\blood ba.cfdb0249.tlog\link.read.1.tlog
c:\users\nouman\documents\visual studio 2013\projects\blood bank system\blood bank system\release\blood ba.cfdb0249.tlog\link.write.1.tlog
c:\users\nouman\documents\visual studio 2013\projects\blood bank system\blood bank system\release\blood ba.cfdb0249.tlog\metagen.read.1.tlog
c:\users\nouman\documents\visual studio 2013\projects\blood bank system\blood bank system\release\blood ba.cfdb0249.tlog\mysql.data.dll.metagen
c:\users\nouman\documents\visual studio 2013\projects\blood bank system\blood bank system\release\blood ba.cfdb0249.tlog\tzres.dll.bi
